[    0.000000] Linux version 4.15.0-187-generic (buildd@lcy02-amd64-046) (gcc version 7.5.0 (Ubuntu 7.5.0-3ubuntu1~18.04)) #198-Ubuntu SMP Tue Jun 14 03:23:51 UTC 2022 (Ubuntu 4.15.0-187.198-generic 4.15.18)
[    0.000000] Command line: BOOT_IMAGE=/boot/vmlinuz-4.15.0-187-generic root=LABEL=cloudimg-rootfs ro console=tty1 console=ttyS0
[    0.000000] KERNEL supported cpus:
[    0.000000]   Intel GenuineIntel
[    0.000000]   AMD AuthenticAMD
[    0.000000]   Centaur CentaurHauls
[    0.000000] x86/fpu: Supporting XSAVE feature 0x001: 'x87 floating point registers'
[    0.000000] x86/fpu: Supporting XSAVE feature 0x002: 'SSE registers'
[    0.000000] x86/fpu: Supporting XSAVE feature 0x004: 'AVX registers'
[    0.000000] x86/fpu: xstate_offset[2]:  576, xstate_sizes[2]:  256
[    0.000000] x86/fpu: Enabled xstate features 0x7, context size is 832 bytes, using 'standard' format.
[    0.000000] e820: BIOS-provided physical RAM map:
[    0.000000] BIOS-e820: [mem 0x0000000000000000-0x000000000009fbff] usable
[    0.000000] BIOS-e820: [mem 0x000000000009fc00-0x000000000009ffff] reserved
[    0.000000] BIOS-e820: [mem 0x00000000000f0000-0x00000000000fffff] reserved
[    0.000000] BIOS-e820: [mem 0x0000000000100000-0x000000003ffeffff] usable
[    0.000000] BIOS-e820: [mem 0x000000003fff0000-0x000000003fffffff] ACPI data
[    0.000000] BIOS-e820: [mem 0x00000000fec00000-0x00000000fec00fff] reserved
[    0.000000] BIOS-e820: [mem 0x00000000fee00000-0x00000000fee00fff] reserved
[    0.000000] BIOS-e820: [mem 0x00000000fffc0000-0x00000000ffffffff] reserved
[    0.000000] NX (Execute Disable) protection: active
[    0.000000] SMBIOS 2.5 present.
[    0.000000] DMI: innotek GmbH VirtualBox/VirtualBox, BIOS VirtualBox 12/01/2006
[    0.000000] Hypervisor detected: KVM
[    0.000000] e820: last_pfn = 0x3fff0 max_arch_pfn = 0x400000000
[    0.000000] MTRR: Disabled
[    0.000000] x86/PAT: MTRRs disabled, skipping PAT initialization too.
[    0.000000] CPU MTRRs all blank - virtualized system.
[    0.000000] x86/PAT: Configuration [0-7]: WB  WT  UC- UC  WB  WT  UC- UC  
[    0.000000] found SMP MP-table at [mem 0x0009fff0-0x0009ffff]
[    0.000000] Scanning 1 areas for low memory corruption
[    0.000000] RAMDISK: [mem 0x359c9000-0x36cdbfff]
[    0.000000] ACPI: Early table checksum verification disabled
[    0.000000] ACPI: RSDP 0x00000000000E0000 000024 (v02 VBOX  )
[    0.000000] ACPI: XSDT 0x000000003FFF0030 00003C (v01 VBOX   VBOXXSDT 00000001 ASL  00000061)
[    0.000000] ACPI: FACP 0x000000003FFF00F0 0000F4 (v04 VBOX   VBOXFACP 00000001 ASL  00000061)
[    0.000000] ACPI: DSDT 0x000000003FFF0470 002325 (v02 VBOX   VBOXBIOS 00000002 INTL 20100528)
[    0.000000] ACPI: FACS 0x000000003FFF0200 000040
[    0.000000] ACPI: FACS 0x000000003FFF0200 000040
[    0.000000] ACPI: APIC 0x000000003FFF0240 00005C (v02 VBOX   VBOXAPIC 00000001 ASL  00000061)
[    0.000000] ACPI: SSDT 0x000000003FFF02A0 0001CC (v01 VBOX   VBOXCPUT 00000002 INTL 20100528)
[    0.000000] ACPI: Reserving FACP table memory at [mem 0x3fff00f0-0x3fff01e3]
[    0.000000] ACPI: Reserving DSDT table memory at [mem 0x3fff0470-0x3fff2794]
[    0.000000] ACPI: Reserving FACS table memory at [mem 0x3fff0200-0x3fff023f]
[    0.000000] ACPI: Reserving FACS table memory at [mem 0x3fff0200-0x3fff023f]
[    0.000000] ACPI: Reserving APIC table memory at [mem 0x3fff0240-0x3fff029b]
[    0.000000] ACPI: Reserving SSDT table memory at [mem 0x3fff02a0-0x3fff046b]
[    0.000000] No NUMA configuration found
[    0.000000] Faking a node at [mem 0x0000000000000000-0x000000003ffeffff]
[    0.000000] NODE_DATA(0) allocated [mem 0x3ffc5000-0x3ffeffff]
[    0.000000] kvm-clock: cpu 0, msr 0:3ff44001, primary cpu clock
[    0.000000] kvm-clock: Using msrs 4b564d01 and 4b564d00
[    0.000000] kvm-clock: using sched offset of 3741758538 cycles
[    0.000000] clocksource: kvm-clock: mask: 0xffffffffffffffff max_cycles: 0x1cd42e4dffb, max_idle_ns: 881590591483 ns
[    0.000000] Zone ranges:
[    0.000000]   DMA      [mem 0x0000000000001000-0x0000000000ffffff]
[    0.000000]   DMA32    [mem 0x0000000001000000-0x000000003ffeffff]
[    0.000000]   Normal   empty
[    0.000000]   Device   empty
[    0.000000] Movable zone start for each node
[    0.000000] Early memory node ranges
[    0.000000]   node   0: [mem 0x0000000000001000-0x000000000009efff]
[    0.000000]   node   0: [mem 0x0000000000100000-0x000000003ffeffff]
[    0.000000] Reserved but unavailable: 104 pages
[    0.000000] Initmem setup node 0 [mem 0x0000000000001000-0x000000003ffeffff]
[    0.000000] ACPI: PM-Timer IO Port: 0x4008
[    0.000000] IOAPIC[0]: apic_id 2, version 32, address 0xfec00000, GSI 0-23
[    0.000000] ACPI: INT_SRC_OVR (bus 0 bus_irq 0 global_irq 2 dfl dfl)
[    0.000000] ACPI: INT_SRC_OVR (bus 0 bus_irq 9 global_irq 9 low level)
[    0.000000] Using ACPI (MADT) for SMP configuration information
[    0.000000] smpboot: Allowing 2 CPUs, 0 hotplug CPUs
[    0.000000] PM: Registered nosave memory: [mem 0x00000000-0x00000fff]
[    0.000000] PM: Registered nosave memory: [mem 0x0009f000-0x0009ffff]
[    0.000000] PM: Registered nosave memory: [mem 0x000a0000-0x000effff]
[    0.000000] PM: Registered nosave memory: [mem 0x000f0000-0x000fffff]
[    0.000000] e820: [mem 0x40000000-0xfebfffff] available for PCI devices
[    0.000000] Booting paravirtualized kernel on KVM
[    0.000000] clocksource: refined-jiffies: mask: 0xffffffff max_cycles: 0xffffffff, max_idle_ns: 7645519600211568 ns
[    0.000000] random: get_random_bytes called from start_kernel+0x99/0x500 with crng_init=0
[    0.000000] setup_percpu: NR_CPUS:8192 nr_cpumask_bits:2 nr_cpu_ids:2 nr_node_ids:1
[    0.000000] percpu: Embedded 50 pages/cpu s167936 r8192 d28672 u1048576
[    0.000000] PV qspinlock hash table entries: 256 (order: 0, 4096 bytes)
[    0.000000] Built 1 zonelists, mobility grouping on.  Total pages: 257913
[    0.000000] Policy zone: DMA32
[    0.000000] Kernel command line: BOOT_IMAGE=/boot/vmlinuz-4.15.0-187-generic root=LABEL=cloudimg-rootfs ro console=tty1 console=ttyS0
[    0.000000] Memory: 982644K/1048120K available (12300K kernel code, 2484K rwdata, 4324K rodata, 2468K init, 2724K bss, 65476K reserved, 0K cma-reserved)
[    0.000000] SLUB: HWalign=64, Order=0-3, MinObjects=0, CPUs=2, Nodes=1
[    0.000000] ftrace: allocating 39513 entries in 155 pages
[    0.004000] Hierarchical RCU implementation.
[    0.004000] 	RCU restricting CPUs from NR_CPUS=8192 to nr_cpu_ids=2.
[    0.004000] 	Tasks RCU enabled.
[    0.004000] RCU: Adjusting geometry for rcu_fanout_leaf=16, nr_cpu_ids=2
[    0.004000] NR_IRQS: 524544, nr_irqs: 440, preallocated irqs: 16
[    0.004000] Console: colour VGA+ 80x25
[    0.004000] console [tty1] enabled
[    0.004000] console [ttyS0] enabled
[    0.004000] ACPI: Core revision 20170831
[    0.004000] ACPI: 2 ACPI AML tables successfully acquired and loaded
[    0.004000] APIC: Switch to symmetric I/O mode setup
[    0.004000] x2apic enabled
[    0.004000] Switched APIC routing to physical x2apic.
[    0.004000] ..TIMER: vector=0x30 apic1=0 pin1=2 apic2=-1 pin2=-1
[    0.004004] tsc: Detected 1799.999 MHz processor
[    0.005250] Calibrating delay loop (skipped) preset value.. 3599.99 BogoMIPS (lpj=7199996)
[    0.008002] pid_max: default: 32768 minimum: 301
[    0.009240] Security Framework initialized
[    0.012002] Yama: becoming mindful.
[    0.012982] AppArmor: AppArmor initialized
[    0.016142] Dentry cache hash table entries: 131072 (order: 8, 1048576 bytes)
[    0.017996] Inode-cache hash table entries: 65536 (order: 7, 524288 bytes)
[    0.020013] Mount-cache hash table entries: 2048 (order: 2, 16384 bytes)
[    0.021729] Mountpoint-cache hash table entries: 2048 (order: 2, 16384 bytes)
[    0.024276] Last level iTLB entries: 4KB 64, 2MB 8, 4MB 8
[    0.025628] Last level dTLB entries: 4KB 64, 2MB 0, 4MB 0, 1GB 4
[    0.027152] Spectre V1 : Mitigation: usercopy/swapgs barriers and __user pointer sanitization
[    0.028002] Spectre V2 : Mitigation: Retpolines
[    0.029165] Spectre V2 : Spectre v2 / SpectreRSB mitigation: Filling RSB on context switch
[    0.032002] Speculative Store Bypass: Vulnerable
[    0.033290] MDS: Mitigation: Clear CPU buffers
[    0.034442] MMIO Stale Data: Mitigation: Clear CPU buffers
[    0.036022] SRBDS: Unknown: Dependent on hypervisor status
[    0.037605] Freeing SMP alternatives memory: 36K
[    0.149651] smpboot: CPU0: Intel(R) Core(TM) i5-8265U CPU @ 1.60GHz (family: 0x6, model: 0x8e, stepping: 0xb)
[    0.152000] Performance Events: unsupported p6 CPU model 142 no PMU driver, software events only.
[    0.152030] Hierarchical SRCU implementation.
[    0.153865] NMI watchdog: Perf event create on CPU 0 failed with -2
[    0.156001] NMI watchdog: Perf NMI watchdog permanently disabled
[    0.157589] smp: Bringing up secondary CPUs ...
[    0.158869] x86: Booting SMP configuration:
[    0.160002] .... node  #0, CPUs:      #1
[    0.004000] kvm-clock: cpu 1, msr 0:3ff44041, secondary cpu clock
[    0.164018] smp: Brought up 1 node, 2 CPUs
[    0.165104] smpboot: Max logical packages: 1
[    0.166213] smpboot: Total of 2 processors activated (7199.99 BogoMIPS)
[    0.168114] devtmpfs: initialized
[    0.169010] x86/mm: Memory block size: 128MB
[    0.170687] evm: security.selinux
[    0.172003] evm: security.SMACK64
[    0.172946] evm: security.SMACK64EXEC
[    0.173935] evm: security.SMACK64TRANSMUTE
[    0.176002] evm: security.SMACK64MMAP
[    0.177017] evm: security.apparmor
[    0.177953] evm: security.ima
[    0.178800] evm: security.capability
[    0.180079] clocksource: jiffies: mask: 0xffffffff max_cycles: 0xffffffff, max_idle_ns: 7645041785100000 ns
[    0.182518] futex hash table entries: 512 (order: 3, 32768 bytes)
[    0.184000] pinctrl core: initialized pinctrl subsystem
[    0.188021] RTC time:  4:16:26, date: 07/10/22
[    0.189431] NET: Registered protocol family 16
[    0.190670] audit: initializing netlink subsys (disabled)
[    0.192028] audit: type=2000 audit(1657426591.548:1): state=initialized audit_enabled=0 res=1
[    0.192097] cpuidle: using governor ladder
[    0.193103] cpuidle: using governor menu
[    0.196042] ACPI: bus type PCI registered
[    0.197103] acpiphp: ACPI Hot Plug PCI Controller Driver version: 0.5
[    0.198794] PCI: Using configuration type 1 for base access
[    0.200738] HugeTLB registered 2.00 MiB page size, pre-allocated 0 pages
[    0.204049] ACPI: Added _OSI(Module Device)
[    0.205167] ACPI: Added _OSI(Processor Device)
[    0.206324] ACPI: Added _OSI(3.0 _SCP Extensions)
[    0.207524] ACPI: Added _OSI(Processor Aggregator Device)
[    0.208006] ACPI: Added _OSI(Linux-Dell-Video)
[    0.209186] ACPI: Added _OSI(Linux-Lenovo-NV-HDMI-Audio)
[    0.210521] ACPI: Added _OSI(Linux-HPI-Hybrid-Graphics)
[    0.212293] ACPI: Executed 1 blocks of module-level executable AML code
[    0.218481] ACPI: Interpreter enabled
[    0.219453] ACPI: (supports S0 S5)
[    0.220002] ACPI: Using IOAPIC for interrupt routing
[    0.221558] PCI: Using host bridge windows from ACPI; if necessary, use "pci=nocrs" and report a bug
[    0.224166] ACPI: Enabled 2 GPEs in block 00 to 07
[    0.232694] ACPI: PCI Root Bridge [PCI0] (domain 0000 [bus 00-ff])
[    0.234255] acpi PNP0A03:00: _OSC: OS supports [ASPM ClockPM Segments MSI]
[    0.236528] acpi PNP0A03:00: _OSC: not requesting OS control; OS requires [ExtendedConfig ASPM ClockPM MSI]
[    0.238996] acpi PNP0A03:00: fail to add MMCONFIG information, can't access extended PCI configuration space under this bridge.
[    0.240381] PCI host bridge to bus 0000:00
[    0.241463] pci_bus 0000:00: root bus resource [io  0x0000-0x0cf7 window]
[    0.244003] pci_bus 0000:00: root bus resource [io  0x0d00-0xffff window]
[    0.245688] pci_bus 0000:00: root bus resource [mem 0x000a0000-0x000bffff window]
[    0.248002] pci_bus 0000:00: root bus resource [mem 0x40000000-0xfdffffff window]
[    0.249935] pci_bus 0000:00: root bus resource [bus 00-ff]
[    0.253866] pci 0000:00:01.1: legacy IDE quirk: reg 0x10: [io  0x01f0-0x01f7]
[    0.256002] pci 0000:00:01.1: legacy IDE quirk: reg 0x14: [io  0x03f6]
[    0.257635] pci 0000:00:01.1: legacy IDE quirk: reg 0x18: [io  0x0170-0x0177]
[    0.259425] pci 0000:00:01.1: legacy IDE quirk: reg 0x1c: [io  0x0376]
[    0.274586] pci 0000:00:07.0: quirk: [io  0x4000-0x403f] claimed by PIIX4 ACPI
[    0.276013] pci 0000:00:07.0: quirk: [io  0x4100-0x410f] claimed by PIIX4 SMB
[    0.287279] ACPI: PCI Interrupt Link [LNKA] (IRQs 5 9 10 *11)
[    0.288390] ACPI: PCI Interrupt Link [LNKB] (IRQs 5 9 *10 11)
[    0.290018] ACPI: PCI Interrupt Link [LNKC] (IRQs 5 *9 10 11)
[    0.292157] ACPI: PCI Interrupt Link [LNKD] (IRQs 5 9 10 *11)
[    0.293954] SCSI subsystem initialized
[    0.294991] pci 0000:00:02.0: vgaarb: setting as boot VGA device
[    0.294991] pci 0000:00:02.0: vgaarb: VGA device added: decodes=io+mem,owns=io+mem,locks=none
[    0.296004] pci 0000:00:02.0: vgaarb: bridge control possible
[    0.300002] vgaarb: loaded
[    0.300808] ACPI: bus type USB registered
[    0.301898] usbcore: registered new interface driver usbfs
[    0.304009] usbcore: registered new interface driver hub
[    0.305361] usbcore: registered new device driver usb
[    0.306685] EDAC MC: Ver: 3.0.0
[    0.308031] PCI: Using ACPI for IRQ routing
[    0.309442] NetLabel: Initializing
[    0.310386] NetLabel:  domain hash size = 128
[    0.311513] NetLabel:  protocols = UNLABELED CIPSOv4 CALIPSO
[    0.312017] NetLabel:  unlabeled traffic allowed by default
[    0.313417] clocksource: Switched to clocksource kvm-clock
[    0.330326] VFS: Disk quotas dquot_6.6.0
[    0.331468] VFS: Dquot-cache hash table entries: 512 (order 0, 4096 bytes)
[    0.333274] AppArmor: AppArmor Filesystem Enabled
[    0.334483] pnp: PnP ACPI init
[    0.336465] pnp: PnP ACPI: found 3 devices
[    0.346867] clocksource: acpi_pm: mask: 0xffffff max_cycles: 0xffffff, max_idle_ns: 2085701024 ns
[    0.349085] NET: Registered protocol family 2
[    0.350235] IP idents hash table entries: 16384 (order: 5, 131072 bytes)
[    0.354717] TCP established hash table entries: 8192 (order: 4, 65536 bytes)
[    0.356499] TCP bind hash table entries: 8192 (order: 5, 131072 bytes)
[    0.358108] TCP: Hash tables configured (established 8192 bind 8192)
[    0.359656] UDP hash table entries: 512 (order: 2, 16384 bytes)
[    0.361189] UDP-Lite hash table entries: 512 (order: 2, 16384 bytes)
[    0.362769] NET: Registered protocol family 1
[    0.363875] pci 0000:00:00.0: Limiting direct PCI/PCI transfers
[    0.365338] pci 0000:00:01.0: Activating ISA DMA hang workarounds
[    0.366901] pci 0000:00:02.0: Video device with shadowed ROM at [mem 0x000c0000-0x000dffff]
[    0.369095] Unpacking initramfs...
[    0.675496] Freeing initrd memory: 19532K
[    0.676691] clocksource: tsc: mask: 0xffffffffffffffff max_cycles: 0x19f228ab7a2, max_idle_ns: 440795289252 ns
[    0.679169] platform rtc_cmos: registered platform RTC device (no PNP device found)
[    0.681124] Scanning for low memory corruption every 60 seconds
[    0.683395] Initialise system trusted keyrings
[    0.684613] Key type blacklist registered
[    0.685796] workingset: timestamp_bits=36 max_order=18 bucket_order=0
[    0.688439] zbud: loaded
[    0.689638] squashfs: version 4.0 (2009/01/31) Phillip Lougher
[    0.691276] fuse init (API version 7.26)
[    0.694974] Key type asymmetric registered
[    0.696060] Asymmetric key parser 'x509' registered
[    0.697496] Block layer SCSI generic (bsg) driver version 0.4 loaded (major 246)
[    0.699568] io scheduler noop registered
[    0.700635] io scheduler deadline registered
[    0.701793] io scheduler cfq registered (default)
[    0.703329] ACPI: AC Adapter [AC] (on-line)
[    0.704505] input: Power Button as /devices/LNXSYSTM:00/LNXPWRBN:00/input/input0
[    0.706496] ACPI: Power Button [PWRF]
[    0.707547] input: Sleep Button as /devices/LNXSYSTM:00/LNXSLPBN:00/input/input1
[    0.709479] ACPI: Sleep Button [SLPF]
[    0.711581] ACPI: Battery Slot [BAT0] (battery present)
[    0.712961] Serial: 8250/16550 driver, 32 ports, IRQ sharing enabled
[    0.735335] 00:02: ttyS0 at I/O 0x3f8 (irq = 4, base_baud = 115200) is a 16550A
[    0.741356] Linux agpgart interface v0.103
[    0.743720] loop: module loaded
[    0.745064] scsi host0: ata_piix
[    0.746048] scsi host1: ata_piix
[    0.746918] ata1: PATA max UDMA/33 cmd 0x1f0 ctl 0x3f6 bmdma 0xd000 irq 14
[    0.749085] ata2: PATA max UDMA/33 cmd 0x170 ctl 0x376 bmdma 0xd008 irq 15
[    0.751089] tun: Universal TUN/TAP device driver, 1.6
[    0.752752] PPP generic driver version 2.4.2
[    0.754011] ehci_hcd: USB 2.0 'Enhanced' Host Controller (EHCI) Driver
[    0.755613] ehci-pci: EHCI PCI platform driver
[    0.756834] ehci-platform: EHCI generic platform driver
[    0.758192] ohci_hcd: USB 1.1 'Open' Host Controller (OHCI) Driver
[    0.759689] ohci-pci: OHCI PCI platform driver
[    0.760896] ohci-platform: OHCI generic platform driver
[    0.762224] uhci_hcd: USB Universal Host Controller Interface driver
[    0.763893] i8042: PNP: PS/2 Controller [PNP0303:PS2K,PNP0f03:PS2M] at 0x60,0x64 irq 1,12
[    0.766409] serio: i8042 KBD port at 0x60,0x64 irq 1
[    0.767831] serio: i8042 AUX port at 0x60,0x64 irq 12
[    0.769324] mousedev: PS/2 mouse device common for all mice
[    0.771576] rtc_cmos rtc_cmos: rtc core: registered rtc_cmos as rtc0
[    0.773266] input: AT Translated Set 2 keyboard as /devices/platform/i8042/serio0/input/input2
[    0.775461] rtc_cmos rtc_cmos: alarms up to one day, 114 bytes nvram
[    0.777051] i2c /dev entries driver
[    0.778045] device-mapper: uevent: version 1.0.3
[    0.779398] device-mapper: ioctl: 4.37.0-ioctl (2017-09-20) initialised: dm-devel@redhat.com
[    0.781729] ledtrig-cpu: registered to indicate activity on CPUs
[    0.783719] NET: Registered protocol family 10
[    0.789043] Segment Routing with IPv6
[    0.790040] NET: Registered protocol family 17
[    0.791329] Key type dns_resolver registered
[    0.792669] mce: Using 0 MCE banks
[    0.793600] RAS: Correctable Errors collector initialized.
[    0.794959] sched_clock: Marking stable (792648077, 0)->(1029335580, -236687503)
[    0.797654] registered taskstats version 1
[    0.798811] Loading compiled-in X.509 certificates
[    0.802697] Loaded X.509 cert 'Build time autogenerated kernel key: 979a73de01c113c656ad15d85e66cc9cfc8996b6'
[    0.806173] Loaded X.509 cert 'Canonical Ltd. Live Patch Signing: 14df34d1a87cf37625abec039ef2bf521249b969'
[    0.809136] Loaded X.509 cert 'Canonical Ltd. Kernel Module Signing: 88f752e560a1e0737e31163a466ad7b70a850c19'
[    0.812655] blacklist: Loading compiled-in revocation X.509 certificates
[    0.814466] Loaded X.509 cert 'Canonical Ltd. Secure Boot Signing: 61482aa2830d0ab2ad5af10b7250da9033ddcef0'
[    0.816920] zswap: loaded using pool lzo/zbud
[    0.821630] Key type big_key registered
[    0.822671] Key type trusted registered
[    0.825574] Key type encrypted registered
[    0.826646] AppArmor: AppArmor sha1 policy hashing enabled
[    0.828392] ima: No TPM chip found, activating TPM-bypass! (rc=-19)
[    0.829979] ima: Allocated hash algorithm: sha1
[    0.831170] evm: HMAC attrs: 0x1
[    0.832349]   Magic number: 14:896:261
[    0.833449] rtc_cmos rtc_cmos: setting system clock to 2022-07-10 04:16:26 UTC (1657426586)
[    0.835558] BIOS EDD facility v0.16 2004-Jun-25, 0 devices found
[    0.837153] EDD information not available.
[    1.053360] Freeing unused kernel image memory: 2468K
[    1.064285] Write protecting the kernel read-only data: 20480k
[    1.072727] Freeing unused kernel image memory: 2008K
[    1.078444] Freeing unused kernel image memory: 1820K
[    1.109890] x86/mm: Checked W+X mappings: passed, no W+X pages found.
Loading, please wait...
starting version 237
[    1.239639] e1000: Intel(R) PRO/1000 Network Driver - version 7.3.21-k8-NAPI
[    1.241429] e1000: Copyright (c) 1999-2006 Intel Corporation.
[    1.245790] Fusion MPT base driver 3.04.20
[    1.246893] Copyright (c) 1999-2008 LSI Corporation
[    1.266072] AVX2 version of gcm_enc/dec engaged.
[    1.267340] AES CTR mode by8 optimization enabled
[    1.274870] Fusion MPT SPI Host driver 3.04.20
[    1.460134] input: ImExPS/2 Generic Explorer Mouse as /devices/platform/i8042/serio1/input/input4
[    1.710779] e1000 0000:00:03.0 eth0: (PCI:33MHz:32-bit) 02:77:ed:63:d5:e3
[    1.712493] e1000 0000:00:03.0 eth0: Intel(R) PRO/1000 Network Connection
[    1.715110] mptbase: ioc0: Initiating bringup
[    3.001108] ioc0: LSI53C1030 A0: Capabilities={Initiator}
[    6.743909] scsi host2: ioc0: LSI53C1030 A0, FwRev=00000000h, Ports=1, MaxQ=256, IRQ=20
[    9.835084] scsi 2:0:0:0: Direct-Access     VBOX     HARDDISK         1.0  PQ: 0 ANSI: 5
[   10.100721] scsi target2:0:0: Beginning Domain Validation
[   10.153232] scsi target2:0:0: Domain Validation skipping write tests
[   10.155562] scsi target2:0:0: Ending Domain Validation
[   10.157697] scsi target2:0:0: asynchronous
[   10.160340] scsi 2:0:1:0: Direct-Access     VBOX     HARDDISK         1.0  PQ: 0 ANSI: 5
[   10.416679] scsi target2:0:1: Beginning Domain Validation
[   10.420374] random: fast init done
[   10.422128] scsi target2:0:1: Domain Validation skipping write tests
[   10.423701] scsi target2:0:1: Ending Domain Validation
[   10.425207] scsi target2:0:1: asynchronous
[   10.434434] random: systemd-udevd: uninitialized urandom read (16 bytes read)
[   10.434448] sd 2:0:0:0: Attached scsi generic sg0 type 0
[   10.436229] random: systemd-udevd: uninitialized urandom read (16 bytes read)
[   10.437715] sd 2:0:1:0: Attached scsi generic sg1 type 0
[   10.439314] random: systemd-udevd: uninitialized urandom read (16 bytes read)
[   10.443807] sd 2:0:0:0: [sda] 83886080 512-byte logical blocks: (42.9 GB/40.0 GiB)
[   10.445792] sd 2:0:1:0: [sdb] 20480 512-byte logical blocks: (10.5 MB/10.0 MiB)
[   10.447684] sd 2:0:0:0: [sda] Write Protect is off
[   10.449102] sd 2:0:1:0: [sdb] Write Protect is off
[   10.450549] sd 2:0:0:0: [sda] Incomplete mode parameter data
[   10.452038] sd 2:0:0:0: [sda] Assuming drive cache: write through
[   10.453845] sd 2:0:1:0: [sdb] Incomplete mode parameter data
[   10.455288] sd 2:0:1:0: [sdb] Assuming drive cache: write through
[   10.462099] e1000 0000:00:08.0 eth1: (PCI:33MHz:32-bit) 08:00:27:8d:38:b8
[   10.464110] e1000 0000:00:08.0 eth1: Intel(R) PRO/1000 Network Connection
[   10.464177]  sda: sda1
[   10.467811] sd 2:0:0:0: [sda] Attached SCSI disk
[   10.468054] sd 2:0:1:0: [sdb] Attached SCSI disk
[   10.471211] e1000 0000:00:08.0 enp0s8: renamed from eth1
[   10.488869] e1000 0000:00:03.0 enp0s3: renamed from eth0
Begin: Loading essential drivers ... [   12.248117] raid6: sse2x1   gen() 12590 MB/s
[   12.296091] raid6: sse2x1   xor()  9132 MB/s
[   12.344198] raid6: sse2x2   gen() 15499 MB/s
[   12.392156] raid6: sse2x2   xor() 10407 MB/s
[   12.440107] raid6: sse2x4   gen() 17736 MB/s
[   12.488128] raid6: sse2x4   xor() 11033 MB/s
[   12.536131] raid6: avx2x1   gen() 25133 MB/s
[   12.584131] raid6: avx2x1   xor() 17313 MB/s
[   12.632130] raid6: avx2x2   gen() 29385 MB/s
[   12.680127] raid6: avx2x2   xor() 19034 MB/s
[   12.728125] raid6: avx2x4   gen() 34295 MB/s
[   12.776103] raid6: avx2x4   xor() 19649 MB/s
[   12.777222] raid6: using algorithm avx2x4 gen() 34295 MB/s
[   12.778587] raid6: .... xor() 19649 MB/s, rmw enabled
[   12.779883] raid6: using avx2x2 recovery algorithm
[   12.782324] xor: automatically using best checksumming function   avx       
[   12.785200] async_tx: api initialized (async)
done.
Begin: Running /scripts/init-premount ... done.
Begin: Mounting root file system ... Begin: Running /scripts/local-top ... done.
Begin: Running /scripts/local-premount ... [   12.828665] Btrfs loaded, crc32c=crc32c-intel
Scanning for Btrfs filesystems
done.
Warning: fsck not present, so skipping root file system
[   12.866823] EXT4-fs (sda1): mounted filesystem with ordered data mode. Opts: (null)
done.
Begin: Running /scripts/local-bottom ... done.
Begin: Running /scripts/init-bottom ... done.
[   13.020832] ip_tables: (C) 2000-2006 Netfilter Core Team
[   13.031575] systemd[1]: systemd 237 running in system mode. (+PAM +AUDIT +SELINUX +IMA +APPARMOR +SMACK +SYSVINIT +UTMP +LIBCRYPTSETUP +GCRYPT +GNUTLS +ACL +XZ +LZ4 +SECCOMP +BLKID +ELFUTILS +KMOD -IDN2 +IDN -PCRE2 default-hierarchy=hybrid)
[   13.036980] systemd[1]: Detected virtualization oracle.
[   13.038405] systemd[1]: Detected architecture x86-64.

Welcome to [1mUbuntu 18.04.6 LTS[0m!

[   13.044410] systemd[1]: Set hostname to <ubuntu>.
[   13.048821] systemd[1]: Initializing machine ID from random generator.
[   13.050592] systemd[1]: Installed transient /etc/machine-id file.
[   13.544316] systemd[1]: Reached target System Time Synchronized.
[[0;32m  OK  [0m] Reached target System Time Synchronized.
[   13.696603] systemd[1]: Started Forward Password Requests to Wall Directory Watch.
[[0;32m  OK  [0m] Started Forward Password Requests to Wall Directory Watch.
[   13.712689] systemd[1]: Created slice User and Session Slice.
[[0;32m  OK  [0m] Created slice User and Session Slice.
[   14.013109] systemd[1]: Set up automount Arbitrary Executable File Formats File System Automount Point.
[[0;32m  OK  [0m] Set up automount Arbitrary Executab…rmats File System Automount Point.
[[0;32m  OK  [0m] Reached target Swap.
[[0;32m  OK  [0m] Reached target User and Group Name Lookups.
[[0;32m  OK  [0m] Created slice System Slice.
[[0;32m  OK  [0m] Reached target Slices.
[[0;32m  OK  [0m] Listening on Journal Audit Socket.
[[0;32m  OK  [0m] Listening on Device-mapper event daemon FIFOs.
[[0;32m  OK  [0m] Created slice system-serial\x2dgetty.slice.
[[0;32m  OK  [0m] Listening on Journal Socket.
         Mounting Huge Pages File System...
         Starting Set the console keyboard layout...
         Mounting POSIX Message Queue File System...
[[0;32m  OK  [0m] Listening on /dev/initctl Compatibility Named Pipe.
[[0;32m  OK  [0m] Listening on LVM2 poll daemon socket.
[[0;32m  OK  [0m] Listening on Syslog Socket.
[[0;32m  OK  [0m] Listening on Journal Socket (/dev/log).
         Starting Journal Service...
[[0;32m  OK  [0m] Listening on Network Service Netlink Socket.
         Starting Uncomplicated firewall...
[[0;32m  OK  [0m] Listening on LVM2 metadata daemon socket.
         Starting Monitoring of LVM2 mirrors…ng dmeventd or progress polling...
         Mounting Kernel Debug File System...
[[0;32m  OK  [0m] Listening on udev Control Socket.
[[0;32m  OK  [0m] Listening on udev Kernel Socket.
         Starting udev Coldplug all Devices...
         Starting Load Kernel Modules...
[[0;32m  OK  [0m] Listening on fsck to fsckd communication Socket.
         Starting File System Check on Root Device...
[   15.199420] Loading iSCSI transport class v2.0-870.
[   15.206392] iscsi: registered transport (tcp)
         Starting Create list of required st…ce nodes for the current kernel...
[[0;32m  OK  [0m] Started Journal Service.
[[0;32m  OK  [0m] Mounted Huge Pages File System.
[[0;32m  OK  [0m] Mounted POSIX Message Queue File System.
[[0;32m  OK  [0m] Started Uncomplicated firewall.
[   15.227478] iscsi: registered transport (iser)
[[0;32m  OK  [0m] Mounted Kernel Debug File System.
[[0;32m  OK  [0m] Started Load Kernel Modules.
         Mounting FUSE Control File System...
         Starting Apply Kernel Variables...
         Mounting Kernel Configuration File System...
[[0;32m  OK  [0m] Mounted FUSE Control File System.
[[0;32m  OK  [0m] Mounted Kernel Configuration File System.
[[0;32m  OK  [0m] Started File System Check Daemon to report status.
[[0;32m  OK  [0m] Started LVM2 metadata daemon.
[[0;32m  OK  [0m] Started Create list of required sta…vice nodes for the current kernel.
[[0;32m  OK  [0m] Started udev Coldplug all Devices.
         Starting Create Static Device Nodes in /dev...
[[0;32m  OK  [0m] Started Apply Kernel Variables.
[[0;32m  OK  [0m] Started File System Check on Root Device.
         Starting Remount Root and Kernel File Systems...
[[0;32m  OK  [0m] Started Create Static Device Nodes in /dev.
[[0;32m  OK  [0m] Started Monitoring of LVM2 mirrors,…sing dmeventd or progress polling.
[[0;32m  OK  [0m] Started Remount Root and Kernel File Systems.
         Starting udev Kernel Device Manager...
         Starting Flush Journal to Persistent Storage...
         Starting Load/Save Random Seed...
[[0;32m  OK  [0m] Started udev Kernel Device Manager.
[[0;32m  OK  [0m] Started Load/Save Random Seed.
[[0;32m  OK  [0m] Started Flush Journal to Persistent Storage.
[[0;32m  OK  [0m] Found device /dev/ttyS0.
[[0;32m  OK  [0m] Listening on Load/Save RF Kill Switch Status /dev/rfkill Watch.
[[0;32m  OK  [0m] Started Set the console keyboard layout.
[[0;32m  OK  [0m] Started Dispatch Password Requests to Console Directory Watch.
[[0;32m  OK  [0m] Reached target Local Encrypted Volumes.
[[0;32m  OK  [0m] Reached target Local File Systems (Pre).
[[0;32m  OK  [0m] Reached target Local File Systems.
         Starting ebtables ruleset management...
         Starting AppArmor initialization...
         Starting Create Volatile Files and Directories...
         Starting Set console font and keymap...
         Starting Commit a transient machine-id on disk...
         Starting Tell Plymouth To Write Out Runtime Data...
[[0;32m  OK  [0m] Started Create Volatile Files and Directories.
[[0;32m  OK  [0m] Started Tell Plymouth To Write Out Runtime Data.
         Starting Update UTMP about System Boot/Shutdown...
[[0;32m  OK  [0m] Started Update UTMP about System Boot/Shutdown.
[[0;32m  OK  [0m] Started ebtables ruleset management.
[[0;32m  OK  [0m] Started Commit a transient machine-id on disk.
[[0;32m  OK  [0m] Started Set console font and keymap.
[[0;32m  OK  [0m] Started AppArmor initialization.
         Starting Load AppArmor profiles managed internally by snapd...
         Starting Initial cloud-init job (pre-networking)...
[[0;32m  OK  [0m] Started Load AppArmor profiles managed internally by snapd.
[   20.153727] cloud-init[898]: Cloud-init v. 22.2-0ubuntu1~18.04.2 running 'init-local' at Sun, 10 Jul 2022 04:16:45 +0000. Up 19.69 seconds.
[[0;32m  OK  [0m] Started Initial cloud-init job (pre-networking).
[[0;32m  OK  [0m] Reached target Network (Pre).
         Starting Network Service...
[[0;32m  OK  [0m] Started Network Service.
         Starting Network Name Resolution...
         Starting Wait for Network to be Configured...
[[0;32m  OK  [0m] Started Network Name Resolution.
[[0;32m  OK  [0m] Reached target Host and Network Name Lookups.
[[0;32m  OK  [0m] Reached target Network.
[[0;32m  OK  [0m] Started Wait for Network to be Configured.
         Starting Initial cloud-init job (metadata service crawler)...
[   22.502500] cloud-init[1007]: Cloud-init v. 22.2-0ubuntu1~18.04.2 running 'init' at Sun, 10 Jul 2022 04:16:47 +0000. Up 22.29 seconds.
[   22.512232] cloud-init[1007]: ci-info: ++++++++++++++++++++++++++++++++++++++Net device info+++++++++++++++++++++++++++++++++++++++
[   22.512937] cloud-init[1007]: ci-info: +--------+-------+----------------------------+---------------+--------+-------------------+
[   22.513576] cloud-init[1007]: ci-info: | Device |   Up  |          Address           |      Mask     | Scope  |     Hw-Address    |
[   22.514399] cloud-init[1007]: ci-info: +--------+-------+----------------------------+---------------+--------+-------------------+
[   22.524213] cloud-init[1007]: ci-info: | enp0s3 |  True |         10.0.2.15          | 255.255.255.0 | global | 02:77:ed:63:d5:e3 |
[   22.524981] cloud-init[1007]: ci-info: | enp0s3 |  True | fe80::77:edff:fe63:d5e3/64 |       .       |  link  | 02:77:ed:63:d5:e3 |
[   22.536216] cloud-init[1007]: ci-info: | enp0s8 | False |             .              |       .       |   .    | 08:00:27:8d:38:b8 |
[   22.548187] cloud-init[1007]: ci-info: |   lo   |  True |         127.0.0.1          |   255.0.0.0   |  host  |         .         |
[   22.564241] cloud-init[1007]: ci-info: |   lo   |  True |          ::1/128           |       .       |  host  |         .         |
[   22.564962] cloud-init[1007]: ci-info: +--------+-------+----------------------------+---------------+--------+-------------------+
[   22.565566] cloud-init[1007]: ci-info: ++++++++++++++++++++++++++++Route IPv4 info+++++++++++++++++++++++++++++
[   22.566134] cloud-init[1007]: ci-info: +-------+-------------+----------+-----------------+-----------+-------+
[   22.566748] cloud-init[1007]: ci-info: | Route | Destination | Gateway  |     Genmask     | Interface | Flags |
[   22.576206] cloud-init[1007]: ci-info: +-------+-------------+----------+-----------------+-----------+-------+
[   22.576866] cloud-init[1007]: ci-info: |   0   |   0.0.0.0   | 10.0.2.2 |     0.0.0.0     |   enp0s3  |   UG  |
[   22.577523] cloud-init[1007]: ci-info: |   1   |   10.0.2.0  | 0.0.0.0  |  255.255.255.0  |   enp0s3  |   U   |
[   22.578129] cloud-init[1007]: ci-info: |   2   |   10.0.2.2  | 0.0.0.0  | 255.255.255.255 |   enp0s3  |   UH  |
[   22.578912] cloud-init[1007]: ci-info: +-------+-------------+----------+-----------------+-----------+-------+
[   22.588181] cloud-init[1007]: ci-info: +++++++++++++++++++Route IPv6 info+++++++++++++++++++
[   22.588813] cloud-init[1007]: ci-info: +-------+-------------+---------+-----------+-------+
[   22.589363] cloud-init[1007]: ci-info: | Route | Destination | Gateway | Interface | Flags |
[   22.589941] cloud-init[1007]: ci-info: +-------+-------------+---------+-----------+-------+
[   22.590645] cloud-init[1007]: ci-info: |   1   |  fe80::/64  |    ::   |   enp0s3  |   U   |
[   22.591198] cloud-init[1007]: ci-info: |   3   |    local    |    ::   |   enp0s3  |   U   |
[   22.591733] cloud-init[1007]: ci-info: |   4   |   ff00::/8  |    ::   |   enp0s3  |   U   |
[   22.608372] cloud-init[1007]: ci-info: +-------+-------------+---------+-----------+-------+
[   24.782675] cloud-init[1007]: Generating public/private rsa key pair.
[   24.792295] cloud-init[1007]: Your identification has been saved in /etc/ssh/ssh_host_rsa_key.
[   24.792988] cloud-init[1007]: Your public key has been saved in /etc/ssh/ssh_host_rsa_key.pub.
[   24.793578] cloud-init[1007]: The key fingerprint is:
[   24.793923] cloud-init[1007]: SHA256:B60NqASFSXJsqDPOy2CB2Kfb1uK9EEUuDyXMopA7ago root@ubuntu-bionic
[   24.794484] cloud-init[1007]: The key's randomart image is:
[   24.804308] cloud-init[1007]: +---[RSA 2048]----+
[   24.816315] cloud-init[1007]: |.=+*o o          |
[   24.828379] cloud-init[1007]: |+o*.o= . .       |
[   24.840262] cloud-init[1007]: |== .+ + o .      |
[   24.852349] cloud-init[1007]: |X....*   =       |
[[   24.864396] [0;32m  OK  [0mcloud-init] [1007]: Started Initial cloud-init job (metadata service crawler).|++.oo . S o      |

[   24.864515] cloud-init[1007]: |E=.  .   .       |
[[   24.892287] [0;32m  OK  [0mcloud-init[1007]: ] |B .o..           |Reached target Cloud-config availability.

[[   24.892377] [0;32m  OK  [0mcloud-init] [1007]: Reached target System Initialization.|.o. +o.          |

[   24.906522] cloud-init[1007]: |   o..o.         |
[[   24.917126] [0;32m  OK  [0mcloud-init] [1007]: Started Discard unused blocks once a week.+----[SHA256]-----+

[   24.917310] cloud-init[1007]: Generating public/private dsa key pair.
[   24.917834] cloud-init[1007]: Your identification has been saved in /etc/ssh/ssh_host_dsa_key.
[   24.917958] cloud-init[1007]: Your public key has been saved in /etc/ssh/ssh_host_dsa_key.pub.
[   24.918117] cloud-init[1007]: The key fingerprint is:
[   24.918296] cloud-init[1007]: SHA256:KpCB+mjMjFCjm3M3KD1H3jiJO5NkiK4XtGVN+Q5BeNo root@ubuntu-bionic
[   24.918769] cloud-init[1007]: The key's randomart image is:
[   24.918877] cloud-init[1007]: +---[DSA 1024]----+
[[   24.948857] [0;32m  OK  [0mcloud-init] [1007]: Started Message of the Day.|     o..         |

[   24.949215] cloud-init[1007]: | .  . =          |
[   24.949408] cloud-init[1007]: |. +  * o         |
[   24.949717] cloud-init[1007]: |.o.++ E .        |
[   24.970038] cloud-init[1007]: |=oo+.  oS        |
[[0;32m  OK  [0m] Listening on ACPID Listen Socket.
[[0;32m  OK  [0m] Listening on Open-iSCSI iscsid Socket.
[[0;32m  OK  [0m] Started Daily Cleanup of Temporary Directories.
[   24.987732] cloud-init[1007]: |O*=* + ..        |
[   25.134241] cloud-init[1007]: |OBBoX o          |
[   25.145951] cloud-init[1007]: |.=== +           |
[[0;32m  OK  [0m] Started Daily apt download activities.
[[0;32m  OK  [0m] Started Daily apt upgrade and clean activities.
[   25.399954] cloud-init[1007]: |o..o             |
[   25.654499] cloud-init         Starting Socket activation for snappy daemon.
[1007]: +----[SHA256]-----+[[0;32m  OK  [0m] Started Ubuntu Advantage Timer for running repeated jobs.
[[0;32m  OK  [0m] Reached target Timers.
[[0;32m  OK  [0m] Listening on UUID daemon activation socket.

[   25.664370] cloud-init[1007]: [[0;32m  OK  [0m] Started Trigger to poll for Ubuntu …(Only enabled on GCP LTS non-pro).
Generating public/private ecdsa key pair.
[[0;32m  OK  [0m] Started ACPI Events Check.
[[0;32m  OK  [0m] Reached target Paths.
         Starting LXD - unix socket.
[   25.685363] cloud-init[[0;32m  OK  [0m] Listening on D-Bus System Message Bus Socket.
[1007]: Your identification has been saved in /etc/ssh/ssh_host_ecdsa_key.
[[0;32m  OK  [0m] Listening on cloud-init hotplug hook socket.
[[0;32m  OK  [0m] Reached target Network is Online.
[   25.691796] cloud-init[1007]: Your public key has been saved in /etc/ssh/ssh_host_ecdsa_key.pub.
[   25.695610]          Starting Availability of block devices...
[[0;32m  OK  [0m] Reached target Remote File Systems (Pre).
[[0;32m  OK  [0m] Reached target Remote File Systems.
cloud-init[1007]: The key fingerprint is:[[0;32m  OK  [0m] Listening on Socket activation for snappy daemon.
[[0;32m  OK  [0m] Listening on LXD - unix socket.
[[0;32m  OK  [0m] Reached target Sockets.
[[0;32m  OK  [0m] Reached target Basic System.

         Starting LXD - container startup/shutdown...
[   25.709169] cloud-init[1007]: SHA256:APvhMocmb1Ss5ho/hDe87R0GlcYsRrMynUkoEYOkpuk root@ubuntu-bionic
         Starting System Logging Service...
[   25.724704] cloud-init[1007]: The key's randomart image is:
         Starting Login Service...
[   25.748607] cloud-init[1007]: +---[ECDSA 256]---+
[   25.772232] cloud-init[1007]: |.o+o..+          |
[   25.772642] cloud-init[1007]: |o ...B B .       |
[   25.772978] cloud-init[1007]: |.. .+ % *        |
[   25.773319] cloud-init[1007]: |o.   X *         |
[   25.773682] cloud-init[1007]: |o .oO = S        |
[   25.774001] cloud-init[1007]: |. .B=+ .         |
[   25.774565] cloud-init[1007]: | E.o++  o        |
[   25.775102] cloud-init[1007]: |   =o .o .       |
[   25.784436] cloud-init[1007]: |  . .o. .        |
[   25.796189] cloud-init[1007]: +----[SHA256]-----+
[   25.808327] cloud-init[1007]: Generating public/private ed25519 key pair.
[   25.824206] cloud-init[1007]: Your identification has been saved in /etc/ssh/ssh_host_ed25519_key.
[   25.840169] cloud-init[1007]: Your public key has been saved in /etc/ssh/ssh_host_ed25519_key.pub.
[[0;32m  OK  [0m] Started Regular background program processing daemon.
[   25.852686] cloud-init[1007]: The key fingerprint is:
         Starting Accounts Service...
[   25.880647] cloud-init[1007]: SHA256:t56p3phKrSa8Eo3lCtCSZ8lLvaqWoIOZDdazuvk5JiI root@ubuntu-bionic
[   25.881585] cloud-init[1007]: The key's randomart image is:
[[0;32m  OK  [0m] Started D-Bus System Message Bus.
[   25.896347] cloud-init[1007]: +--[ED25519 256]--+
[   25.908257] cloud-init[1007]: |                 |
[   25.909093] [[0;32m  OK  [0m] Started Login Service.
cloud-init[1007]: |                 |
[   25.909766] cloud-init[1007]: | + o             |
[   25.910108]          cloud-initStarting Virtualbox guest utils...[1007]: 
|+ B o            |
         Starting Pollinate to seed the pseudo random number generator...
[   25.924625] cloud-init[1007]: |.=.* .  S .      |
[   25.937292] cloud-init[1007]: |+.+o+  . . .     |
[   25.937960] cloud-init[1007]: |=*.=o . . .      |
[[0;32m  OK  [0m] Started FUSE filesystem for LXC.
[[0;32m  OK  [0m] Started irqbalance daemon.
[   25.948404] cloud-init[1007]: |E+*++... = o     |
[   25.961362] cloud-init[1007]: |=**+o+oo=.=      |
[   25.961858] cloud-init[1007]: +----[SHA256]-----+
         Starting Snap Daemon...
         Starting Permit User Sessions...
         Starting Dispatcher daemon for systemd-networkd...
[[0;32m  OK  [0m] Started Unattended Upgrades Shutdown.
[[0;32m  OK  [0m] Started Deferred execution scheduler.
         Starting LSB: automatic crash report generation...
         Starting LSB: Record successful boot for GRUB...
[[0;32m  OK  [0m] Started System Logging Service.
[[0;32m  OK  [0m] Started Availability of block devices.
[[0;32m  OK  [0m] Started LXD - container startup/shutdown.
[[0;32m  OK  [0m] Started Permit User Sessions.
         Starting Authorization Manager...
         Starting Hold until boot process finishes up...
         Starting Terminate Plymouth Boot Screen...
[[0;32m  OK  [0m] Started Hold until boot process finishes up.
[[0;32m  OK  [0m] Started Terminate Plymouth Boot Screen.
         Starting Set console scheme...
[[0;32m  OK  [0m] Started Serial Getty on ttyS0.
[[0;32m  OK  [0m] Started Set console scheme.
[[0;32m  OK  [0m] Started LSB: automatic crash report generation.
[[0;32m  OK  [0m] Created slice system-getty.slice.
[[0;32m  OK  [0m] Started Getty on tty1.
[[0;32m  OK  [0m] Reached target Login Prompts.
[[0;32m  OK  [0m] Started Authorization Manager.
[[0;32m  OK  [0m] Started Accounts Service.
[[0;32m  OK  [0m] Started Virtualbox guest utils.
[[0;32m  OK  [0m] Started LSB: Record successful boot for GRUB.
[[0;32m  OK  [0m] Started Dispatcher daemon for systemd-networkd.
[[0;32m  OK  [0m] Started Snap Daemon.
         Starting Wait until snapd is fully seeded...
         Starting Time & Date Service...
[[0;32m  OK  [0m] Started Time & Date Service.
[[0;32m  OK  [0m] Started Pollinate to seed the pseudo random number generator.
         Starting OpenBSD Secure Shell server...
[[0;32m  OK  [0m] Started OpenBSD Secure Shell server.
[[0;32m  OK  [0m] Created slice User Slice of vagrant.
         Starting User Manager for UID 1000...
[[0;32m  OK  [0m] Started Session 1 of user vagrant.
[[0;32m  OK  [0m] Started User Manager for UID 1000.
[[0;32m  OK  [0m] Started Wait until snapd is fully seeded.
[[0;32m  OK  [0m] Reached target Multi-User System.
[[0;32m  OK  [0m] Reached target Graphical Interface.
         Starting Update UTMP about System Runlevel Changes...
         Starting Apply the settings specified in cloud-config...
[[0;32m  OK  [0m] Started Update UTMP about System Runlevel Changes.
[   30.894171] cloud-init[1608]: Cloud-init v. 22.2-0ubuntu1~18.04.2 running 'modules:config' at Sun, 10 Jul 2022 04:16:55 +0000. Up 30.16 seconds.
[[0;32m  OK  [0m] Started Apply the settings specified in cloud-config.
         Starting Execute cloud user/final scripts...
ci-info: no authorized SSH keys fingerprints found for user ubuntu.
<14>Jul 10 04:16:57 cloud-init: #############################################################
<14>Jul 10 04:16:57 cloud-init: -----BEGIN SSH HOST KEY FINGERPRINTS-----
<14>Jul 10 04:16:57 cloud-init: 1024 SHA256:KpCB+mjMjFCjm3M3KD1H3jiJO5NkiK4XtGVN+Q5BeNo root@ubuntu-bionic (DSA)
<14>Jul 10 04:16:57 cloud-init: 256 SHA256:APvhMocmb1Ss5ho/hDe87R0GlcYsRrMynUkoEYOkpuk root@ubuntu-bionic (ECDSA)
<14>Jul 10 04:16:57 cloud-init: 256 SHA256:t56p3phKrSa8Eo3lCtCSZ8lLvaqWoIOZDdazuvk5JiI root@ubuntu-bionic (ED25519)
<14>Jul 10 04:16:57 cloud-init: 2048 SHA256:B60NqASFSXJsqDPOy2CB2Kfb1uK9EEUuDyXMopA7ago root@ubuntu-bionic (RSA)
<14>Jul 10 04:16:57 cloud-init: -----END SSH HOST KEY FINGERPRINTS-----
<14>Jul 10 04:16:57 cloud-init: #############################################################
-----BEGIN SSH HOST KEY KEYS-----
ecdsa-sha2-nistp256 AAAAE2VjZHNhLXNoYTItbmlzdHAyNTYAAAAIbmlzdHAyNTYAAABBBIzwOwnwdyAuErmXdMEbqr+WWO8p0wWZ2u+wKTcVRffjOnLJ/hikzMSng83vwRRJZaRBc2MkFst7x2FE8U+sAb0= root@ubuntu-bionic
ssh-ed25519 AAAAC3NzaC1lZDI1NTE5AAAAIEdgJ4UIoFFMZQtsQ2TFpibJqkPRFU4vbomEzr8fewU3 root@ubuntu-bionic
ssh-rsa AAAAB3NzaC1yc2EAAAADAQABAAABAQD4/YaCUzzpyU8vDI5Wo8vXRlpn3tLiB+hb11mqadPXzFHRv+lO6CzzI6njJIXZZd1xb3F9tra4KO8A3K/do9hikFUIoXkFIkPJQGRJwHizArNR5gEgOg7XMr0ls7bnFJheS0mzsA65kFX1DCgFhPfPPZiL1dOpUFjLLAhDEH8SZXFE2uyEQtmtqwUbNDrdRnHIWgYxwMfqYnVGNiMHYSlJpEEeGZIBaHHzp/PSDKqmPHPDMk5Hh/IJaNzdk+wERA3MdJyk4O5vbbCMjjps5wvH6OChMAKvWMruR/tnzngAISKY7G2P/Esv51lDUjRGgU9nzxf7UVA8POg5ZC4IGzbv root@ubuntu-bionic
-----END SSH HOST KEY KEYS-----
[   31.804898] cloud-init[1714]: Cloud-init v. 22.2-0ubuntu1~18.04.2 running 'modules:final' at Sun, 10 Jul 2022 04:16:57 +0000. Up 31.54 seconds.
[   31.804994] cloud-init[1714]: Cloud-init v. 22.2-0ubuntu1~18.04.2 finished at Sun, 10 Jul 2022 04:16:57 +0000. Datasource DataSourceNoCloud [seed=/dev/sdb][dsmode=net].  Up 31.79 seconds

Ubuntu 18.04.6 LTS ubuntu-bionic ttyS0

ubuntu-bionic login: 